This is pdfTeX, Version 3.1415926-2.5-1.40.14 (MiKTeX 2.9) (preloaded format=pdflatex 2014.9.15)  13 OCT 2014 23:48
entering extended mode
**hw4.tex
("C:\Users\Gateway\Documents\CSCE 222\hw4\hw4.tex"
LaTeX2e <2011/06/27>
Babel <v3.8m> and hyphenation patterns for english, afrikaans, ancientgreek, ar
abic, armenian, assamese, basque, bengali, bokmal, bulgarian, catalan, coptic, 
croatian, czech, danish, dutch, esperanto, estonian, farsi, finnish, french, ga
lician, german, german-x-2013-05-26, greek, gujarati, hindi, hungarian, iceland
ic, indonesian, interlingua, irish, italian, kannada, kurmanji, latin, latvian,
 lithuanian, malayalam, marathi, mongolian, mongolianlmc, monogreek, ngerman, n
german-x-2013-05-26, nynorsk, oriya, panjabi, pinyin, polish, portuguese, roman
ian, russian, sanskrit, serbian, slovak, slovenian, spanish, swedish, swissgerm
an, tamil, telugu, turkish, turkmen, ukenglish, ukrainian, uppersorbian, usengl
ishmax, welsh, loaded.
("C:\Program Files (x86)\MiKTeX 2.9\tex\latex\base\article.cls"
Document Class: article 2007/10/19 v1.4h Standard LaTeX document class
("C:\Program Files (x86)\MiKTeX 2.9\tex\latex\base\size10.clo"
File: size10.clo 2007/10/19 v1.4h Standard LaTeX file (size option)
)
\c@part=\count79
\c@section=\count80
\c@subsection=\count81
\c@subsubsection=\count82
\c@paragraph=\count83
\c@subparagraph=\count84
\c@figure=\count85
\c@table=\count86
\abovecaptionskip=\skip41
\belowcaptionskip=\skip42
\bibindent=\dimen102
)
("C:\Program Files (x86)\MiKTeX 2.9\tex\latex\amsmath\amsmath.sty"
Package: amsmath 2013/01/14 v2.14 AMS math features
\@mathmargin=\skip43

For additional information on amsmath, use the `?' option.
("C:\Program Files (x86)\MiKTeX 2.9\tex\latex\amsmath\amstext.sty"
Package: amstext 2000/06/29 v2.01

("C:\Program Files (x86)\MiKTeX 2.9\tex\latex\amsmath\amsgen.sty"
File: amsgen.sty 1999/11/30 v2.0
\@emptytoks=\toks14
\ex@=\dimen103
))
("C:\Program Files (x86)\MiKTeX 2.9\tex\latex\amsmath\amsbsy.sty"
Package: amsbsy 1999/11/29 v1.2d
\pmbraise@=\dimen104
)
("C:\Program Files (x86)\MiKTeX 2.9\tex\latex\amsmath\amsopn.sty"
Package: amsopn 1999/12/14 v2.01 operator names
)
\inf@bad=\count87
LaTeX Info: Redefining \frac on input line 210.
\uproot@=\count88
\leftroot@=\count89
LaTeX Info: Redefining \overline on input line 306.
\classnum@=\count90
\DOTSCASE@=\count91
LaTeX Info: Redefining \ldots on input line 378.
LaTeX Info: Redefining \dots on input line 381.
LaTeX Info: Redefining \cdots on input line 466.
\Mathstrutbox@=\box26
\strutbox@=\box27
\big@size=\dimen105
LaTeX Font Info:    Redeclaring font encoding OML on input line 566.
LaTeX Font Info:    Redeclaring font encoding OMS on input line 567.
\macc@depth=\count92
\c@MaxMatrixCols=\count93
\dotsspace@=\muskip10
\c@parentequation=\count94
\dspbrk@lvl=\count95
\tag@help=\toks15
\row@=\count96
\column@=\count97
\maxfields@=\count98
\andhelp@=\toks16
\eqnshift@=\dimen106
\alignsep@=\dimen107
\tagshift@=\dimen108
\tagwidth@=\dimen109
\totwidth@=\dimen110
\lineht@=\dimen111
\@envbody=\toks17
\multlinegap=\skip44
\multlinetaggap=\skip45
\mathdisplay@stack=\toks18
LaTeX Info: Redefining \[ on input line 2665.
LaTeX Info: Redefining \] on input line 2666.
)
("C:\Program Files (x86)\MiKTeX 2.9\tex\latex\amscls\amsthm.sty"
Package: amsthm 2004/08/06 v2.20
\thm@style=\toks19
\thm@bodyfont=\toks20
\thm@headfont=\toks21
\thm@notefont=\toks22
\thm@headpunct=\toks23
\thm@preskip=\skip46
\thm@postskip=\skip47
\thm@headsep=\skip48
\dth@everypar=\toks24
)
("C:\Program Files (x86)\MiKTeX 2.9\tex\latex\base\latexsym.sty"
Package: latexsym 1998/08/17 v2.2e Standard LaTeX package (lasy symbols)
\symlasy=\mathgroup4
LaTeX Font Info:    Overwriting symbol font `lasy' in version `bold'
(Font)                  U/lasy/m/n --> U/lasy/b/n on input line 47.
)
("C:\Program Files (x86)\MiKTeX 2.9\tex\latex\paralist\paralist.sty"
Package: paralist 2013/06/09 v2.4 Extended list environments
\pltopsep=\skip49
\plpartopsep=\skip50
\plitemsep=\skip51
\plparsep=\skip52
\pl@lab=\toks25
)
\c@problem=\count99

("C:\Users\Gateway\Documents\CSCE 222\hw4\hw4.aux")
LaTeX Font Info:    Checking defaults for OML/cmm/m/it on input line 40.
LaTeX Font Info:    ... okay on input line 40.
LaTeX Font Info:    Checking defaults for T1/cmr/m/n on input line 40.
LaTeX Font Info:    ... okay on input line 40.
LaTeX Font Info:    Checking defaults for OT1/cmr/m/n on input line 40.
LaTeX Font Info:    ... okay on input line 40.
LaTeX Font Info:    Checking defaults for OMS/cmsy/m/n on input line 40.
LaTeX Font Info:    ... okay on input line 40.
LaTeX Font Info:    Checking defaults for OMX/cmex/m/n on input line 40.
LaTeX Font Info:    ... okay on input line 40.
LaTeX Font Info:    Checking defaults for U/cmr/m/n on input line 40.
LaTeX Font Info:    ... okay on input line 40.

Overfull \hbox (24.472pt too wide) in paragraph at lines 48--48
\OT1/cmr/m/n/10 this home-work is due on \OT1/cmr/bx/n/10 10/13/2014 be-fore 23
:59 \OT1/cmr/m/n/10 on csnet.cs.tamu.edu.
 []

LaTeX Font Info:    Try loading font information for U+lasy on input line 52.
("C:\Program Files (x86)\MiKTeX 2.9\tex\latex\base\ulasy.fd"
File: ulasy.fd 1998/08/17 v2.2e LaTeX symbol font definitions
)
Underfull \hbox (badness 10000) in paragraph at lines 61--65
\OT1/cmr/bx/n/10 Solution. $$
 []


Underfull \hbox (badness 10000) in paragraph at lines 61--65

 []


Overfull \hbox (37.8486pt too wide) detected at line 78
[]
 []


Underfull \hbox (badness 10000) in paragraph at lines 86--88
\OT1/cmr/bx/n/10 Solution. $$
 []


Underfull \hbox (badness 10000) in paragraph at lines 86--88

 []

[1

{C:/ProgramData/MiKTeX/2.9/pdftex/config/pdftex.map}]
Underfull \hbox (badness 10000) in paragraph at lines 116--150
\OT1/cmr/bx/n/10 Solution. $$
 []


Underfull \hbox (badness 10000) in paragraph at lines 116--150

 []


Underfull \hbox (badness 10000) in paragraph at lines 116--150

 []


Underfull \hbox (badness 10000) in paragraph at lines 116--150

 []


Underfull \hbox (badness 10000) in paragraph at lines 116--150

 []


Underfull \hbox (badness 10000) in paragraph at lines 116--150

 []


Underfull \hbox (badness 10000) in paragraph at lines 116--150

 []


Underfull \hbox (badness 10000) in paragraph at lines 116--150

 []


Underfull \hbox (badness 10000) in paragraph at lines 116--150

 []


Underfull \hbox (badness 10000) in paragraph at lines 116--150

 []


Underfull \hbox (badness 10000) in paragraph at lines 116--150

 []


Underfull \hbox (badness 10000) in paragraph at lines 156--163
\OT1/cmr/bx/n/10 Solution. $$
 []

[2]
Underfull \hbox (badness 10000) in paragraph at lines 169--175
\OT1/cmr/bx/n/10 Solution. $$
 []


Underfull \hbox (badness 10000) in paragraph at lines 181--183
\OT1/cmr/bx/n/10 Solution. $$
 []


Underfull \hbox (badness 10000) in paragraph at lines 189--202
\OT1/cmr/bx/n/10 Solution. $$
 []


Underfull \hbox (badness 10000) in paragraph at lines 189--202

 []


Underfull \hbox (badness 10000) in paragraph at lines 208--217
\OT1/cmr/bx/n/10 Solution. $$
 []

[3]
Underfull \hbox (badness 10000) in paragraph at lines 224--234
\OT1/cmr/bx/n/10 Solution. $$
 []


Underfull \hbox (badness 10000) in paragraph at lines 242--245
\OT1/cmr/bx/n/10 Solution. $$
 []


Underfull \hbox (badness 10000) in paragraph at lines 245--250

 []

[4] [5] ("C:\Users\Gateway\Documents\CSCE 222\hw4\hw4.aux") ) 
Here is how much of TeX's memory you used:
 1050 strings out of 493921
 12610 string characters out of 3144870
 75735 words of memory out of 3000000
 4391 multiletter control sequences out of 15000+200000
 5371 words of font info for 22 fonts, out of 3000000 for 9000
 841 hyphenation exceptions out of 8191
 27i,6n,20p,325b,193s stack positions out of 5000i,500n,10000p,200000b,50000s
<C:/Program Files 
(x86)/MiKTeX 2.9/fonts/type1/public/amsfonts/cm/cmbx10.pfb><C:/Program Files (x
86)/MiKTeX 2.9/fonts/type1/public/amsfonts/cm/cmex10.pfb><C:/Program Files (x86
)/MiKTeX 2.9/fonts/type1/public/amsfonts/cm/cmmi10.pfb><C:/Program Files (x86)/
MiKTeX 2.9/fonts/type1/public/amsfonts/cm/cmmi7.pfb><C:/Program Files (x86)/MiK
TeX 2.9/fonts/type1/public/amsfonts/cm/cmr10.pfb><C:/Program Files (x86)/MiKTeX
 2.9/fonts/type1/public/amsfonts/cm/cmr12.pfb><C:/Program Files (x86)/MiKTeX 2.
9/fonts/type1/public/amsfonts/cm/cmr7.pfb><C:/Program Files (x86)/MiKTeX 2.9/fo
nts/type1/public/amsfonts/cm/cmsl10.pfb><C:/Program Files (x86)/MiKTeX 2.9/font
s/type1/public/amsfonts/cm/cmsy10.pfb><C:/Program Files (x86)/MiKTeX 2.9/fonts/
type1/public/amsfonts/latxfont/lasy10.pfb>
Output written on hw4.pdf (5 pages, 125562 bytes).
PDF statistics:
 58 PDF objects out of 1000 (max. 8388607)
 0 named destinations out of 1000 (max. 500000)
 1 words of extra memory for PDF output out of 10000 (max. 10000000)

